<?xml version="1.0" encoding="UTF-8"?>
<testsuites name="Test Suite Collection with execution via Test Cloud" time="189.81" tests="5" failures="0" errors="0">
   <testsuite name="Test Suite with execution via Test Cloud" tests="2" failures="0" errors="0" time="113.31" skipped="0" timestamp="11-01-2024T06:49:02" hostname="lakshmimukkur - lakshmis-mbp.ht.home" id="Test Suites/Test Suite with execution via Test Cloud">
      <properties>
[...]
</properties>
      <testcase name="Test Cases/Main Test Cases/TC1_Verify Successful Login" time="45.195" classname="Test Cases/Main Test Cases/TC1_Verify Successful Login" status="PASSED">
         <system-out><![CDATA[11-01-2024T06:49:03 - [TEST_CASE][PASSED] - Test Cases/Main Test Cases/TC1_Verify Successful Login: Test Cases/Main Test Cases/TC1_Verify Successful Login

11-01-2024T06:49:03 - [TEST_STEP][PASSED] - comment("Story: Login to CURA system"): Story: Login to CURA system

11-01-2024T06:49:03 - [MESSAGE][INFO] - Story: Login to CURA system

11-01-2024T06:49:03 - [TEST_STEP][PASSED] - comment("Given that the user has the valid login information"): Given that the user has the valid login information

11-01-2024T06:49:03 - [MESSAGE][INFO] - Given that the user has the valid login information

11-01-2024T06:49:03 - [TEST_STEP][PASSED] - openBrowser(G_SiteURL): Browser is opened with url: 'http://demoaut.katalon.com'

11-01-2024T06:49:03 - [MESSAGE][INFO] - User set preference: ['os', 'windows']

11-01-2024T06:49:03 - [MESSAGE][INFO] - User set preference: ['browserName', 'chrome']

11-01-2024T06:49:03 - [MESSAGE][INFO] - User set preference: ['browserVersion', '118']

11-01-2024T06:49:03 - [MESSAGE][INFO] - User set preference: ['katalon:option', '{organizationId=1208479, tunnelId=, usingTunnel=false}']

11-01-2024T06:49:03 - [MESSAGE][INFO] - Connecting to remote web server 'testcloud.katalon.com/hub' with type 'Selenium'

11-01-2024T06:49:04 - [MESSAGE][INFO] - Action delay is set to 0 milliseconds

11-01-2024T06:49:34 - [MESSAGE][PASSED] - Browser is opened with url: 'http://demoaut.katalon.com'

11-01-2024T06:49:34 - [TEST_STEP][PASSED] - click(findTestObject("Page_CuraHomepage/btn_MakeAppointment")): Object: 'Object Repository/Page_CuraHomepage/btn_MakeAppointment' is clicked on

11-01-2024T06:49:36 - [MESSAGE][PASSED] - Object: 'Object Repository/Page_CuraHomepage/btn_MakeAppointment' is clicked on

11-01-2024T06:49:36 - [TEST_STEP][PASSED] - setText(findTestObject("Page_Login/txt_UserName"), Username): Text 'John Doe' is set on object 'Object Repository/Page_Login/txt_UserName'

11-01-2024T06:49:39 - [MESSAGE][PASSED] - Text 'John Doe' is set on object 'Object Repository/Page_Login/txt_UserName'

11-01-2024T06:49:39 - [TEST_STEP][PASSED] - setText(findTestObject("Page_Login/txt_Password"), Password): Text 'ThisIsNotAPassword' is set on object 'Object Repository/Page_Login/txt_Password'

11-01-2024T06:49:42 - [MESSAGE][PASSED] - Text 'ThisIsNotAPassword' is set on object 'Object Repository/Page_Login/txt_Password'

11-01-2024T06:49:42 - [TEST_STEP][PASSED] - comment("When he logins to CURA system"): When he logins to CURA system

11-01-2024T06:49:42 - [MESSAGE][INFO] - When he logins to CURA system

11-01-2024T06:49:42 - [TEST_STEP][PASSED] - click(findTestObject("Page_Login/btn_Login")): Object: 'Object Repository/Page_Login/btn_Login' is clicked on

11-01-2024T06:49:43 - [MESSAGE][PASSED] - Object: 'Object Repository/Page_Login/btn_Login' is clicked on

11-01-2024T06:49:43 - [TEST_STEP][PASSED] - comment("Then he should be able to login successfully"): Then he should be able to login successfully

11-01-2024T06:49:43 - [MESSAGE][INFO] - Then he should be able to login successfully

11-01-2024T06:49:43 - [TEST_STEP][PASSED] - landingPage = verifyElementPresent(findTestObject("Page_CuraAppointment/div_Appointment"), G_Timeout): Object 'Object Repository/Page_CuraAppointment/div_Appointment' is present

11-01-2024T06:49:45 - [MESSAGE][PASSED] - Object 'Object Repository/Page_CuraAppointment/div_Appointment' is present

11-01-2024T06:49:45 - [TEST_STEP][PASSED] - closeBrowser(): Browser is closed

11-01-2024T06:49:46 - [MESSAGE][PASSED] - Browser is closed

11-01-2024T06:49:48 - [TEST_STEP][PASSED] - Video: Video recording for test case 'Test Cases/Main Test Cases/TC1_Verify Successful Login' .

11-01-2024T06:49:48 - [MESSAGE][INFO] - Video recording for test case 'Test Cases/Main Test Cases/TC1_Verify Successful Login' .]]></system-out>
         <system-err><![CDATA[]]></system-err>
      </testcase>
      <testcase name="Test Cases/Main Test Cases/TC2_Verify Successful Appointment" time="67.953" classname="Test Cases/Main Test Cases/TC2_Verify Successful Appointment" status="PASSED">
         <system-out><![CDATA[11-01-2024T06:49:48 - [TEST_CASE][PASSED] - Test Cases/Main Test Cases/TC2_Verify Successful Appointment: Test Cases/Main Test Cases/TC2_Verify Successful Appointment

11-01-2024T06:49:48 - [TEST_STEP][PASSED] - comment("Story: Book an appointment"): Story: Book an appointment

11-01-2024T06:49:48 - [MESSAGE][INFO] - Story: Book an appointment

11-01-2024T06:49:48 - [TEST_STEP][PASSED] - comment("Given that the user has logged into their account"): Given that the user has logged into their account

11-01-2024T06:49:48 - [MESSAGE][INFO] - Given that the user has logged into their account

11-01-2024T06:49:48 - [TEST_STEP][PASSED] - openBrowser(G_SiteURL): Browser is opened with url: 'http://demoaut.katalon.com'

11-01-2024T06:49:48 - [MESSAGE][INFO] - User set preference: ['os', 'windows']

11-01-2024T06:49:48 - [MESSAGE][INFO] - User set preference: ['browserName', 'chrome']

11-01-2024T06:49:48 - [MESSAGE][INFO] - User set preference: ['browserVersion', '118']

11-01-2024T06:49:48 - [MESSAGE][INFO] - User set preference: ['katalon:option', '{organizationId=1208479, tunnelId=, usingTunnel=false}']

11-01-2024T06:49:48 - [MESSAGE][INFO] - Connecting to remote web server 'testcloud.katalon.com/hub' with type 'Selenium'

11-01-2024T06:49:48 - [MESSAGE][INFO] - Action delay is set to 0 milliseconds

11-01-2024T06:50:13 - [MESSAGE][PASSED] - Browser is opened with url: 'http://demoaut.katalon.com'

11-01-2024T06:50:13 - [TEST_STEP][PASSED] - callTestCase(findTestCase("Common Test Cases/Login"), ["Username":"John Doe", "Password":"ThisIsNotAPassword"], STOP_ON_FAILURE): Call Test Case 'Test Cases/Common Test Cases/Login' successfully

11-01-2024T06:50:14 - [TEST_CASE][PASSED] - Test Cases/Common Test Cases/Login: Test Cases/Common Test Cases/Login

11-01-2024T06:50:14 - [TEST_STEP][PASSED] - click(findTestObject("Page_CuraHomepage/btn_MakeAppointment")): Object: 'Object Repository/Page_CuraHomepage/btn_MakeAppointment' is clicked on

11-01-2024T06:50:15 - [MESSAGE][PASSED] - Object: 'Object Repository/Page_CuraHomepage/btn_MakeAppointment' is clicked on

11-01-2024T06:50:15 - [TEST_STEP][PASSED] - setText(findTestObject("Page_Login/txt_UserName"), Username): Text 'John Doe' is set on object 'Object Repository/Page_Login/txt_UserName'

11-01-2024T06:50:18 - [MESSAGE][PASSED] - Text 'John Doe' is set on object 'Object Repository/Page_Login/txt_UserName'

11-01-2024T06:50:18 - [TEST_STEP][PASSED] - setText(findTestObject("Page_Login/txt_Password"), Password): Text 'ThisIsNotAPassword' is set on object 'Object Repository/Page_Login/txt_Password'

11-01-2024T06:50:21 - [MESSAGE][PASSED] - Text 'ThisIsNotAPassword' is set on object 'Object Repository/Page_Login/txt_Password'

11-01-2024T06:50:21 - [TEST_STEP][PASSED] - click(findTestObject("Page_Login/btn_Login")): Object: 'Object Repository/Page_Login/btn_Login' is clicked on

11-01-2024T06:50:25 - [MESSAGE][PASSED] - Object: 'Object Repository/Page_Login/btn_Login' is clicked on

11-01-2024T06:50:25 - [TEST_STEP][PASSED] - landingPage = verifyElementPresent(findTestObject("Page_CuraAppointment/div_Appointment"), G_Timeout): Object 'Object Repository/Page_CuraAppointment/div_Appointment' is present

11-01-2024T06:50:26 - [MESSAGE][PASSED] - Object 'Object Repository/Page_CuraAppointment/div_Appointment' is present

11-01-2024T06:50:26 - [MESSAGE][PASSED] - Call Test Case 'Test Cases/Common Test Cases/Login' successfully

11-01-2024T06:50:26 - [TEST_STEP][PASSED] - comment("And Appointment page is displayed"): And Appointment page is displayed

11-01-2024T06:50:26 - [MESSAGE][INFO] - And Appointment page is displayed

11-01-2024T06:50:26 - [TEST_STEP][PASSED] - if (true): Text 'Please make appointment as soon as possible.' is set on object 'Object Repository/Page_CuraAppointment/txt_Comment'

11-01-2024T06:50:26 - [TEST_STEP][PASSED] - selectOptionByLabel(findTestObject("Page_CuraAppointment/lst_Facility"), "Hongkong CURA Healthcare Center", false): All options with label 'Hongkong CURA Healthcare Center' are selected in object 'Object Repository/Page_CuraAppointment/lst_Facility' 

11-01-2024T06:50:30 - [MESSAGE][PASSED] - All options with label 'Hongkong CURA Healthcare Center' are selected in object 'Object Repository/Page_CuraAppointment/lst_Facility' 

11-01-2024T06:50:30 - [TEST_STEP][PASSED] - check(findTestObject("Page_CuraAppointment/chk_Medicaid")): Object 'Object Repository/Page_CuraAppointment/chk_Medicaid' is checked

11-01-2024T06:50:32 - [MESSAGE][PASSED] - Object 'Object Repository/Page_CuraAppointment/chk_Medicaid' is checked

11-01-2024T06:50:32 - [TEST_STEP][PASSED] - check(findTestObject("Page_CuraAppointment/chk_Readmission")): Object 'Object Repository/Page_CuraAppointment/chk_Readmission' is checked

11-01-2024T06:50:33 - [MESSAGE][PASSED] - Object 'Object Repository/Page_CuraAppointment/chk_Readmission' is checked

11-01-2024T06:50:33 - [TEST_STEP][PASSED] - setText(findTestObject("Page_CuraAppointment/txt_VisitDate"), "27/12/2016"): Text '27/12/2016' is set on object 'Object Repository/Page_CuraAppointment/txt_VisitDate'

11-01-2024T06:50:36 - [MESSAGE][PASSED] - Text '27/12/2016' is set on object 'Object Repository/Page_CuraAppointment/txt_VisitDate'

11-01-2024T06:50:36 - [TEST_STEP][PASSED] - setText(findTestObject("Page_CuraAppointment/txt_Comment"), "Please make appointment as soon as possible."): Text 'Please make appointment as soon as possible.' is set on object 'Object Repository/Page_CuraAppointment/txt_Comment'

11-01-2024T06:50:40 - [MESSAGE][PASSED] - Text 'Please make appointment as soon as possible.' is set on object 'Object Repository/Page_CuraAppointment/txt_Comment'

11-01-2024T06:50:40 - [TEST_STEP][PASSED] - comment("When he fills in valid information in Appointment page"): When he fills in valid information in Appointment page

11-01-2024T06:50:40 - [MESSAGE][INFO] - When he fills in valid information in Appointment page

11-01-2024T06:50:40 - [TEST_STEP][PASSED] - click(findTestObject("Page_CuraAppointment/btn_BookAppointment")): Object: 'Object Repository/Page_CuraAppointment/btn_BookAppointment' is clicked on

11-01-2024T06:50:41 - [MESSAGE][PASSED] - Object: 'Object Repository/Page_CuraAppointment/btn_BookAppointment' is clicked on

11-01-2024T06:50:41 - [TEST_STEP][PASSED] - verifyTextPresent("Appointment Confirmation", false): Text 'Appointment Confirmation' is present on page 

11-01-2024T06:50:43 - [MESSAGE][PASSED] - Text 'Appointment Confirmation' is present on page 

11-01-2024T06:50:43 - [TEST_STEP][PASSED] - comment("Then he should be able to book a new appointment"): Then he should be able to book a new appointment

11-01-2024T06:50:43 - [MESSAGE][INFO] - Then he should be able to book a new appointment

11-01-2024T06:50:43 - [TEST_STEP][PASSED] - if (true): Actual text 'Please make appointment as soon as possible.' and expected text 'Please make appointment as soon as possible.' are matched 

11-01-2024T06:50:43 - [TEST_STEP][PASSED] - verifyMatch("Hongkong CURA Healthcare Center", getText(findTestObject("Page_AppointmentConfirmation/lbl_Facility")), false): Actual text 'Hongkong CURA Healthcare Center' and expected text 'Hongkong CURA Healthcare Center' are matched 

11-01-2024T06:50:44 - [MESSAGE][PASSED] - Text of object 'Object Repository/Page_AppointmentConfirmation/lbl_Facility' is: 'Hongkong CURA Healthcare Center'

11-01-2024T06:50:44 - [MESSAGE][PASSED] - Actual text 'Hongkong CURA Healthcare Center' and expected text 'Hongkong CURA Healthcare Center' are matched 

11-01-2024T06:50:44 - [TEST_STEP][PASSED] - verifyMatch("Yes", getText(findTestObject("Page_AppointmentConfirmation/lbl_HospitalReadmission")), false): Actual text 'Yes' and expected text 'Yes' are matched 

11-01-2024T06:50:46 - [MESSAGE][PASSED] - Text of object 'Object Repository/Page_AppointmentConfirmation/lbl_HospitalReadmission' is: 'Yes'

11-01-2024T06:50:46 - [MESSAGE][PASSED] - Actual text 'Yes' and expected text 'Yes' are matched 

11-01-2024T06:50:46 - [TEST_STEP][PASSED] - verifyMatch("Medicaid", getText(findTestObject("Page_AppointmentConfirmation/lbl_Program")), false): Actual text 'Medicaid' and expected text 'Medicaid' are matched 

11-01-2024T06:50:47 - [MESSAGE][PASSED] - Text of object 'Object Repository/Page_AppointmentConfirmation/lbl_Program' is: 'Medicaid'

11-01-2024T06:50:47 - [MESSAGE][PASSED] - Actual text 'Medicaid' and expected text 'Medicaid' are matched 

11-01-2024T06:50:47 - [TEST_STEP][PASSED] - verifyMatch("27/12/2016", getText(findTestObject("Page_AppointmentConfirmation/lbl_VisitDate")), false): Actual text '27/12/2016' and expected text '27/12/2016' are matched 

11-01-2024T06:50:49 - [MESSAGE][PASSED] - Text of object 'Object Repository/Page_AppointmentConfirmation/lbl_VisitDate' is: '27/12/2016'

11-01-2024T06:50:49 - [MESSAGE][PASSED] - Actual text '27/12/2016' and expected text '27/12/2016' are matched 

11-01-2024T06:50:49 - [TEST_STEP][PASSED] - verifyMatch("Please make appointment as soon as possible.", getText(findTestObject("Page_AppointmentConfirmation/lbl_Comment")), false): Actual text 'Please make appointment as soon as possible.' and expected text 'Please make appointment as soon as possible.' are matched 

11-01-2024T06:50:51 - [MESSAGE][PASSED] - Text of object 'Object Repository/Page_AppointmentConfirmation/lbl_Comment' is: 'Please make appointment as soon as possible.'

11-01-2024T06:50:51 - [MESSAGE][PASSED] - Actual text 'Please make appointment as soon as possible.' and expected text 'Please make appointment as soon as possible.' are matched 

11-01-2024T06:50:51 - [TEST_STEP][PASSED] - takeScreenshot(): Taking screenshot successfully

11-01-2024T06:50:53 - [MESSAGE][PASSED] - Taking screenshot successfully
[[ATTACHMENT|/Users/lakshmimukkur/Katalon Studio/Sample Project with Test Cloud/Reports/20240111_064856/Test Suite with execution via Test Cloud/20240111_064857/1704973852052.png]]

11-01-2024T06:50:53 - [TEST_STEP][PASSED] - closeBrowser(): Browser is closed

11-01-2024T06:50:54 - [MESSAGE][PASSED] - Browser is closed

11-01-2024T06:50:56 - [TEST_STEP][PASSED] - Video: Video recording for test case 'Test Cases/Main Test Cases/TC2_Verify Successful Appointment' .

11-01-2024T06:50:56 - [MESSAGE][INFO] - Video recording for test case 'Test Cases/Main Test Cases/TC2_Verify Successful Appointment' .]]></system-out>
         <system-err><![CDATA[]]></system-err>
      </testcase>
      <system-out><![CDATA[11-01-2024T06:49:02 - [TEST_SUITE][PASSED] - Test Suite with execution via Test Cloud: Test Cases/Main Test Cases/TC2_Verify Successful Appointment]]></system-out>
      <system-err><![CDATA[]]></system-err>
   </testsuite>
   <testsuite name="healthcare-tests - TS_RegressionTest" tests="3" failures="0" errors="0" time="185.118" skipped="0" timestamp="11-01-2024T06:49:04" hostname="lakshmimukkur - lakshmis-mbp.ht.home" id="Test Suites/healthcare-tests - TS_RegressionTest">
      <properties>
[...]
</properties>
      <testcase name="Test Cases/Main Test Cases/TC1_Verify Successful Login" time="46.525" classname="Test Cases/Main Test Cases/TC1_Verify Successful Login" status="PASSED">
         <system-out><![CDATA[11-01-2024T06:49:04 - [TEST_CASE][PASSED] - Test Cases/Main Test Cases/TC1_Verify Successful Login: Test Cases/Main Test Cases/TC1_Verify Successful Login

11-01-2024T06:49:05 - [TEST_STEP][PASSED] - comment("Story: Login to CURA system"): Story: Login to CURA system

11-01-2024T06:49:05 - [MESSAGE][INFO] - Story: Login to CURA system

11-01-2024T06:49:05 - [TEST_STEP][PASSED] - comment("Given that the user has the valid login information"): Given that the user has the valid login information

11-01-2024T06:49:05 - [MESSAGE][INFO] - Given that the user has the valid login information

11-01-2024T06:49:05 - [TEST_STEP][PASSED] - openBrowser(G_SiteURL): Browser is opened with url: 'http://demoaut.katalon.com'

11-01-2024T06:49:05 - [MESSAGE][INFO] - User set preference: ['os', 'linux']

11-01-2024T06:49:05 - [MESSAGE][INFO] - User set preference: ['browserName', 'firefox']

11-01-2024T06:49:05 - [MESSAGE][INFO] - User set preference: ['browserVersion', '117']

11-01-2024T06:49:05 - [MESSAGE][INFO] - User set preference: ['katalon:option', '{organizationId=1208479, tunnelId=, usingTunnel=false}']

11-01-2024T06:49:05 - [MESSAGE][INFO] - Connecting to remote web server 'testcloud.katalon.com/hub' with type 'Selenium'

11-01-2024T06:49:05 - [MESSAGE][INFO] - Action delay is set to 0 milliseconds

11-01-2024T06:49:39 - [MESSAGE][PASSED] - Browser is opened with url: 'http://demoaut.katalon.com'

11-01-2024T06:49:39 - [TEST_STEP][PASSED] - click(findTestObject("Page_CuraHomepage/btn_MakeAppointment")): Object: 'Object Repository/Page_CuraHomepage/btn_MakeAppointment' is clicked on

11-01-2024T06:49:40 - [MESSAGE][PASSED] - Object: 'Object Repository/Page_CuraHomepage/btn_MakeAppointment' is clicked on

11-01-2024T06:49:40 - [TEST_STEP][PASSED] - setText(findTestObject("Page_Login/txt_UserName"), Username): Text 'John Doe' is set on object 'Object Repository/Page_Login/txt_UserName'

11-01-2024T06:49:43 - [MESSAGE][PASSED] - Text 'John Doe' is set on object 'Object Repository/Page_Login/txt_UserName'

11-01-2024T06:49:43 - [TEST_STEP][PASSED] - setText(findTestObject("Page_Login/txt_Password"), Password): Text 'ThisIsNotAPassword' is set on object 'Object Repository/Page_Login/txt_Password'

11-01-2024T06:49:45 - [MESSAGE][PASSED] - Text 'ThisIsNotAPassword' is set on object 'Object Repository/Page_Login/txt_Password'

11-01-2024T06:49:45 - [TEST_STEP][PASSED] - comment("When he logins to CURA system"): When he logins to CURA system

11-01-2024T06:49:45 - [MESSAGE][INFO] - When he logins to CURA system

11-01-2024T06:49:45 - [TEST_STEP][PASSED] - click(findTestObject("Page_Login/btn_Login")): Object: 'Object Repository/Page_Login/btn_Login' is clicked on

11-01-2024T06:49:47 - [MESSAGE][PASSED] - Object: 'Object Repository/Page_Login/btn_Login' is clicked on

11-01-2024T06:49:47 - [TEST_STEP][PASSED] - comment("Then he should be able to login successfully"): Then he should be able to login successfully

11-01-2024T06:49:47 - [MESSAGE][INFO] - Then he should be able to login successfully

11-01-2024T06:49:47 - [TEST_STEP][PASSED] - landingPage = verifyElementPresent(findTestObject("Page_CuraAppointment/div_Appointment"), G_Timeout): Object 'Object Repository/Page_CuraAppointment/div_Appointment' is present

11-01-2024T06:49:48 - [MESSAGE][PASSED] - Object 'Object Repository/Page_CuraAppointment/div_Appointment' is present

11-01-2024T06:49:48 - [TEST_STEP][PASSED] - closeBrowser(): Browser is closed

11-01-2024T06:49:49 - [MESSAGE][PASSED] - Browser is closed

11-01-2024T06:49:51 - [TEST_STEP][PASSED] - Video: Video recording for test case 'Test Cases/Main Test Cases/TC1_Verify Successful Login' .

11-01-2024T06:49:51 - [MESSAGE][INFO] - Video recording for test case 'Test Cases/Main Test Cases/TC1_Verify Successful Login' .]]></system-out>
         <system-err><![CDATA[]]></system-err>
      </testcase>
      <testcase name="Test Cases/Main Test Cases/TC2_Verify Successful Appointment" time="62.014" classname="Test Cases/Main Test Cases/TC2_Verify Successful Appointment" status="PASSED">
         <system-out><![CDATA[11-01-2024T06:49:51 - [TEST_CASE][PASSED] - Test Cases/Main Test Cases/TC2_Verify Successful Appointment: Test Cases/Main Test Cases/TC2_Verify Successful Appointment

11-01-2024T06:49:51 - [TEST_STEP][PASSED] - comment("Story: Book an appointment"): Story: Book an appointment

11-01-2024T06:49:51 - [MESSAGE][INFO] - Story: Book an appointment

11-01-2024T06:49:51 - [TEST_STEP][PASSED] - comment("Given that the user has logged into their account"): Given that the user has logged into their account

11-01-2024T06:49:51 - [MESSAGE][INFO] - Given that the user has logged into their account

11-01-2024T06:49:51 - [TEST_STEP][PASSED] - openBrowser(G_SiteURL): Browser is opened with url: 'http://demoaut.katalon.com'

11-01-2024T06:49:51 - [MESSAGE][INFO] - User set preference: ['os', 'linux']

11-01-2024T06:49:51 - [MESSAGE][INFO] - User set preference: ['browserName', 'firefox']

11-01-2024T06:49:51 - [MESSAGE][INFO] - User set preference: ['browserVersion', '117']

11-01-2024T06:49:51 - [MESSAGE][INFO] - User set preference: ['katalon:option', '{organizationId=1208479, tunnelId=, usingTunnel=false}']

11-01-2024T06:49:51 - [MESSAGE][INFO] - Connecting to remote web server 'testcloud.katalon.com/hub' with type 'Selenium'

11-01-2024T06:49:51 - [MESSAGE][INFO] - Action delay is set to 0 milliseconds

11-01-2024T06:50:18 - [MESSAGE][PASSED] - Browser is opened with url: 'http://demoaut.katalon.com'

11-01-2024T06:50:18 - [TEST_STEP][PASSED] - callTestCase(findTestCase("Common Test Cases/Login"), ["Username":"John Doe", "Password":"ThisIsNotAPassword"], STOP_ON_FAILURE): Call Test Case 'Test Cases/Common Test Cases/Login' successfully

11-01-2024T06:50:18 - [TEST_CASE][PASSED] - Test Cases/Common Test Cases/Login: Test Cases/Common Test Cases/Login

11-01-2024T06:50:18 - [TEST_STEP][PASSED] - click(findTestObject("Page_CuraHomepage/btn_MakeAppointment")): Object: 'Object Repository/Page_CuraHomepage/btn_MakeAppointment' is clicked on

11-01-2024T06:50:20 - [MESSAGE][PASSED] - Object: 'Object Repository/Page_CuraHomepage/btn_MakeAppointment' is clicked on

11-01-2024T06:50:20 - [TEST_STEP][PASSED] - setText(findTestObject("Page_Login/txt_UserName"), Username): Text 'John Doe' is set on object 'Object Repository/Page_Login/txt_UserName'

11-01-2024T06:50:22 - [MESSAGE][PASSED] - Text 'John Doe' is set on object 'Object Repository/Page_Login/txt_UserName'

11-01-2024T06:50:22 - [TEST_STEP][PASSED] - setText(findTestObject("Page_Login/txt_Password"), Password): Text 'ThisIsNotAPassword' is set on object 'Object Repository/Page_Login/txt_Password'

11-01-2024T06:50:25 - [MESSAGE][PASSED] - Text 'ThisIsNotAPassword' is set on object 'Object Repository/Page_Login/txt_Password'

11-01-2024T06:50:25 - [TEST_STEP][PASSED] - click(findTestObject("Page_Login/btn_Login")): Object: 'Object Repository/Page_Login/btn_Login' is clicked on

11-01-2024T06:50:27 - [MESSAGE][PASSED] - Object: 'Object Repository/Page_Login/btn_Login' is clicked on

11-01-2024T06:50:27 - [TEST_STEP][PASSED] - landingPage = verifyElementPresent(findTestObject("Page_CuraAppointment/div_Appointment"), G_Timeout): Object 'Object Repository/Page_CuraAppointment/div_Appointment' is present

11-01-2024T06:50:28 - [MESSAGE][PASSED] - Object 'Object Repository/Page_CuraAppointment/div_Appointment' is present

11-01-2024T06:50:28 - [MESSAGE][PASSED] - Call Test Case 'Test Cases/Common Test Cases/Login' successfully

11-01-2024T06:50:28 - [TEST_STEP][PASSED] - comment("And Appointment page is displayed"): And Appointment page is displayed

11-01-2024T06:50:28 - [MESSAGE][INFO] - And Appointment page is displayed

11-01-2024T06:50:28 - [TEST_STEP][PASSED] - if (true): Text 'Please make appointment as soon as possible.' is set on object 'Object Repository/Page_CuraAppointment/txt_Comment'

11-01-2024T06:50:28 - [TEST_STEP][PASSED] - selectOptionByLabel(findTestObject("Page_CuraAppointment/lst_Facility"), "Hongkong CURA Healthcare Center", false): All options with label 'Hongkong CURA Healthcare Center' are selected in object 'Object Repository/Page_CuraAppointment/lst_Facility' 

11-01-2024T06:50:31 - [MESSAGE][PASSED] - All options with label 'Hongkong CURA Healthcare Center' are selected in object 'Object Repository/Page_CuraAppointment/lst_Facility' 

11-01-2024T06:50:31 - [TEST_STEP][PASSED] - check(findTestObject("Page_CuraAppointment/chk_Medicaid")): Object 'Object Repository/Page_CuraAppointment/chk_Medicaid' is checked

11-01-2024T06:50:33 - [MESSAGE][PASSED] - Object 'Object Repository/Page_CuraAppointment/chk_Medicaid' is checked

11-01-2024T06:50:33 - [TEST_STEP][PASSED] - check(findTestObject("Page_CuraAppointment/chk_Readmission")): Object 'Object Repository/Page_CuraAppointment/chk_Readmission' is checked

11-01-2024T06:50:34 - [MESSAGE][PASSED] - Object 'Object Repository/Page_CuraAppointment/chk_Readmission' is checked

11-01-2024T06:50:34 - [TEST_STEP][PASSED] - setText(findTestObject("Page_CuraAppointment/txt_VisitDate"), "27/12/2016"): Text '27/12/2016' is set on object 'Object Repository/Page_CuraAppointment/txt_VisitDate'

11-01-2024T06:50:37 - [MESSAGE][PASSED] - Text '27/12/2016' is set on object 'Object Repository/Page_CuraAppointment/txt_VisitDate'

11-01-2024T06:50:37 - [TEST_STEP][PASSED] - setText(findTestObject("Page_CuraAppointment/txt_Comment"), "Please make appointment as soon as possible."): Text 'Please make appointment as soon as possible.' is set on object 'Object Repository/Page_CuraAppointment/txt_Comment'

11-01-2024T06:50:39 - [MESSAGE][PASSED] - Text 'Please make appointment as soon as possible.' is set on object 'Object Repository/Page_CuraAppointment/txt_Comment'

11-01-2024T06:50:39 - [TEST_STEP][PASSED] - comment("When he fills in valid information in Appointment page"): When he fills in valid information in Appointment page

11-01-2024T06:50:39 - [MESSAGE][INFO] - When he fills in valid information in Appointment page

11-01-2024T06:50:39 - [TEST_STEP][PASSED] - click(findTestObject("Page_CuraAppointment/btn_BookAppointment")): Object: 'Object Repository/Page_CuraAppointment/btn_BookAppointment' is clicked on

11-01-2024T06:50:41 - [MESSAGE][PASSED] - Object: 'Object Repository/Page_CuraAppointment/btn_BookAppointment' is clicked on

11-01-2024T06:50:41 - [TEST_STEP][PASSED] - verifyTextPresent("Appointment Confirmation", false): Text 'Appointment Confirmation' is present on page 

11-01-2024T06:50:42 - [MESSAGE][PASSED] - Text 'Appointment Confirmation' is present on page 

11-01-2024T06:50:42 - [TEST_STEP][PASSED] - comment("Then he should be able to book a new appointment"): Then he should be able to book a new appointment

11-01-2024T06:50:42 - [MESSAGE][INFO] - Then he should be able to book a new appointment

11-01-2024T06:50:42 - [TEST_STEP][PASSED] - if (true): Actual text 'Please make appointment as soon as possible.' and expected text 'Please make appointment as soon as possible.' are matched 

11-01-2024T06:50:42 - [TEST_STEP][PASSED] - verifyMatch("Hongkong CURA Healthcare Center", getText(findTestObject("Page_AppointmentConfirmation/lbl_Facility")), false): Actual text 'Hongkong CURA Healthcare Center' and expected text 'Hongkong CURA Healthcare Center' are matched 

11-01-2024T06:50:43 - [MESSAGE][PASSED] - Text of object 'Object Repository/Page_AppointmentConfirmation/lbl_Facility' is: 'Hongkong CURA Healthcare Center'

11-01-2024T06:50:43 - [MESSAGE][PASSED] - Actual text 'Hongkong CURA Healthcare Center' and expected text 'Hongkong CURA Healthcare Center' are matched 

11-01-2024T06:50:43 - [TEST_STEP][PASSED] - verifyMatch("Yes", getText(findTestObject("Page_AppointmentConfirmation/lbl_HospitalReadmission")), false): Actual text 'Yes' and expected text 'Yes' are matched 

11-01-2024T06:50:45 - [MESSAGE][PASSED] - Text of object 'Object Repository/Page_AppointmentConfirmation/lbl_HospitalReadmission' is: 'Yes'

11-01-2024T06:50:45 - [MESSAGE][PASSED] - Actual text 'Yes' and expected text 'Yes' are matched 

11-01-2024T06:50:45 - [TEST_STEP][PASSED] - verifyMatch("Medicaid", getText(findTestObject("Page_AppointmentConfirmation/lbl_Program")), false): Actual text 'Medicaid' and expected text 'Medicaid' are matched 

11-01-2024T06:50:46 - [MESSAGE][PASSED] - Text of object 'Object Repository/Page_AppointmentConfirmation/lbl_Program' is: 'Medicaid'

11-01-2024T06:50:46 - [MESSAGE][PASSED] - Actual text 'Medicaid' and expected text 'Medicaid' are matched 

11-01-2024T06:50:46 - [TEST_STEP][PASSED] - verifyMatch("27/12/2016", getText(findTestObject("Page_AppointmentConfirmation/lbl_VisitDate")), false): Actual text '27/12/2016' and expected text '27/12/2016' are matched 

11-01-2024T06:50:47 - [MESSAGE][PASSED] - Text of object 'Object Repository/Page_AppointmentConfirmation/lbl_VisitDate' is: '27/12/2016'

11-01-2024T06:50:47 - [MESSAGE][PASSED] - Actual text '27/12/2016' and expected text '27/12/2016' are matched 

11-01-2024T06:50:47 - [TEST_STEP][PASSED] - verifyMatch("Please make appointment as soon as possible.", getText(findTestObject("Page_AppointmentConfirmation/lbl_Comment")), false): Actual text 'Please make appointment as soon as possible.' and expected text 'Please make appointment as soon as possible.' are matched 

11-01-2024T06:50:48 - [MESSAGE][PASSED] - Text of object 'Object Repository/Page_AppointmentConfirmation/lbl_Comment' is: 'Please make appointment as soon as possible.'

11-01-2024T06:50:48 - [MESSAGE][PASSED] - Actual text 'Please make appointment as soon as possible.' and expected text 'Please make appointment as soon as possible.' are matched 

11-01-2024T06:50:48 - [TEST_STEP][PASSED] - takeScreenshot(): Taking screenshot successfully

11-01-2024T06:50:50 - [MESSAGE][PASSED] - Taking screenshot successfully
[[ATTACHMENT|/Users/lakshmimukkur/Katalon Studio/Sample Project with Test Cloud/Reports/20240111_064856/healthcare-tests - TS_RegressionTest/20240111_064859/1704973849659.png]]

11-01-2024T06:50:50 - [TEST_STEP][PASSED] - closeBrowser(): Browser is closed

11-01-2024T06:50:51 - [MESSAGE][PASSED] - Browser is closed

11-01-2024T06:50:53 - [TEST_STEP][PASSED] - Video: Video recording for test case 'Test Cases/Main Test Cases/TC2_Verify Successful Appointment' .

11-01-2024T06:50:53 - [MESSAGE][INFO] - Video recording for test case 'Test Cases/Main Test Cases/TC2_Verify Successful Appointment' .]]></system-out>
         <system-err><![CDATA[]]></system-err>
      </testcase>
      <testcase name="Test Cases/Main Test Cases/TC3_Visual Testing Example" time="76.399" classname="Test Cases/Main Test Cases/TC3_Visual Testing Example" status="PASSED">
         <system-out><![CDATA[11-01-2024T06:50:53 - [TEST_CASE][PASSED] - Test Cases/Main Test Cases/TC3_Visual Testing Example: Test Cases/Main Test Cases/TC3_Visual Testing Example

11-01-2024T06:50:53 - [TEST_STEP][PASSED] - comment("Story: Book an appointment"): Story: Book an appointment

11-01-2024T06:50:53 - [MESSAGE][INFO] - Story: Book an appointment

11-01-2024T06:50:53 - [TEST_STEP][PASSED] - comment("Given that the user has logged into their account"): Given that the user has logged into their account

11-01-2024T06:50:53 - [MESSAGE][INFO] - Given that the user has logged into their account

11-01-2024T06:50:53 - [TEST_STEP][PASSED] - openBrowser(G_SiteURL): Browser is opened with url: 'http://demoaut.katalon.com'

11-01-2024T06:50:53 - [MESSAGE][INFO] - User set preference: ['os', 'linux']

11-01-2024T06:50:53 - [MESSAGE][INFO] - User set preference: ['browserName', 'firefox']

11-01-2024T06:50:53 - [MESSAGE][INFO] - User set preference: ['browserVersion', '117']

11-01-2024T06:50:53 - [MESSAGE][INFO] - User set preference: ['katalon:option', '{organizationId=1208479, tunnelId=, usingTunnel=false}']

11-01-2024T06:50:53 - [MESSAGE][INFO] - Connecting to remote web server 'testcloud.katalon.com/hub' with type 'Selenium'

11-01-2024T06:50:53 - [MESSAGE][INFO] - Action delay is set to 0 milliseconds

11-01-2024T06:51:19 - [MESSAGE][PASSED] - Browser is opened with url: 'http://demoaut.katalon.com'

11-01-2024T06:51:19 - [TEST_STEP][PASSED] - takeScreenshotAsCheckpoint("login page"): Taking screenshot successfully

11-01-2024T06:51:21 - [MESSAGE][INFO] - 0 hidden object(s)

11-01-2024T06:51:21 - [MESSAGE][PASSED] - Taking screenshot successfully
[[ATTACHMENT|keyes/keyes-login page.png]]

11-01-2024T06:51:21 - [TEST_STEP][PASSED] - callTestCase(findTestCase("Common Test Cases/Login"), ["Username":"John Doe", "Password":"ThisIsNotAPassword"], STOP_ON_FAILURE): Call Test Case 'Test Cases/Common Test Cases/Login' successfully

11-01-2024T06:51:21 - [TEST_CASE][PASSED] - Test Cases/Common Test Cases/Login: Test Cases/Common Test Cases/Login

11-01-2024T06:51:21 - [TEST_STEP][PASSED] - click(findTestObject("Page_CuraHomepage/btn_MakeAppointment")): Object: 'Object Repository/Page_CuraHomepage/btn_MakeAppointment' is clicked on

11-01-2024T06:51:22 - [MESSAGE][PASSED] - Object: 'Object Repository/Page_CuraHomepage/btn_MakeAppointment' is clicked on

11-01-2024T06:51:22 - [TEST_STEP][PASSED] - setText(findTestObject("Page_Login/txt_UserName"), Username): Text 'John Doe' is set on object 'Object Repository/Page_Login/txt_UserName'

11-01-2024T06:51:25 - [MESSAGE][PASSED] - Text 'John Doe' is set on object 'Object Repository/Page_Login/txt_UserName'

11-01-2024T06:51:25 - [TEST_STEP][PASSED] - setText(findTestObject("Page_Login/txt_Password"), Password): Text 'ThisIsNotAPassword' is set on object 'Object Repository/Page_Login/txt_Password'

11-01-2024T06:51:28 - [MESSAGE][PASSED] - Text 'ThisIsNotAPassword' is set on object 'Object Repository/Page_Login/txt_Password'

11-01-2024T06:51:28 - [TEST_STEP][PASSED] - click(findTestObject("Page_Login/btn_Login")): Object: 'Object Repository/Page_Login/btn_Login' is clicked on

11-01-2024T06:51:30 - [MESSAGE][PASSED] - Object: 'Object Repository/Page_Login/btn_Login' is clicked on

11-01-2024T06:51:30 - [TEST_STEP][PASSED] - landingPage = verifyElementPresent(findTestObject("Page_CuraAppointment/div_Appointment"), G_Timeout): Object 'Object Repository/Page_CuraAppointment/div_Appointment' is present

11-01-2024T06:51:31 - [MESSAGE][PASSED] - Object 'Object Repository/Page_CuraAppointment/div_Appointment' is present

11-01-2024T06:51:31 - [MESSAGE][PASSED] - Call Test Case 'Test Cases/Common Test Cases/Login' successfully

11-01-2024T06:51:31 - [TEST_STEP][PASSED] - comment("And Appointment page is displayed"): And Appointment page is displayed

11-01-2024T06:51:31 - [MESSAGE][INFO] - And Appointment page is displayed

11-01-2024T06:51:31 - [TEST_STEP][PASSED] - if (true): Text 'Please make appointment as soon as possible.' is set on object 'Object Repository/Page_CuraAppointment/txt_Comment'

11-01-2024T06:51:31 - [TEST_STEP][PASSED] - takeScreenshotAsCheckpoint("appointment page"): Taking screenshot successfully

11-01-2024T06:51:33 - [MESSAGE][INFO] - 0 hidden object(s)

11-01-2024T06:51:33 - [MESSAGE][PASSED] - Taking screenshot successfully
[[ATTACHMENT|keyes/keyes-appointment page.png]]

11-01-2024T06:51:33 - [TEST_STEP][PASSED] - selectOptionByLabel(findTestObject("Page_CuraAppointment/lst_Facility"), "Hongkong CURA Healthcare Center", false): All options with label 'Hongkong CURA Healthcare Center' are selected in object 'Object Repository/Page_CuraAppointment/lst_Facility' 

11-01-2024T06:51:36 - [MESSAGE][PASSED] - All options with label 'Hongkong CURA Healthcare Center' are selected in object 'Object Repository/Page_CuraAppointment/lst_Facility' 

11-01-2024T06:51:36 - [TEST_STEP][PASSED] - check(findTestObject("Page_CuraAppointment/chk_Medicaid")): Object 'Object Repository/Page_CuraAppointment/chk_Medicaid' is checked

11-01-2024T06:51:38 - [MESSAGE][PASSED] - Object 'Object Repository/Page_CuraAppointment/chk_Medicaid' is checked

11-01-2024T06:51:38 - [TEST_STEP][PASSED] - check(findTestObject("Page_CuraAppointment/chk_Readmission")): Object 'Object Repository/Page_CuraAppointment/chk_Readmission' is checked

11-01-2024T06:51:40 - [MESSAGE][PASSED] - Object 'Object Repository/Page_CuraAppointment/chk_Readmission' is checked

11-01-2024T06:51:40 - [TEST_STEP][PASSED] - setText(findTestObject("Page_CuraAppointment/txt_VisitDate"), "27/12/2016"): Text '27/12/2016' is set on object 'Object Repository/Page_CuraAppointment/txt_VisitDate'

11-01-2024T06:51:43 - [MESSAGE][PASSED] - Text '27/12/2016' is set on object 'Object Repository/Page_CuraAppointment/txt_VisitDate'

11-01-2024T06:51:43 - [TEST_STEP][PASSED] - setText(findTestObject("Page_CuraAppointment/txt_Comment"), "Please make appointment as soon as possible."): Text 'Please make appointment as soon as possible.' is set on object 'Object Repository/Page_CuraAppointment/txt_Comment'

11-01-2024T06:51:45 - [MESSAGE][PASSED] - Text 'Please make appointment as soon as possible.' is set on object 'Object Repository/Page_CuraAppointment/txt_Comment'

11-01-2024T06:51:45 - [TEST_STEP][PASSED] - comment("When he fills in valid information in Appointment page"): When he fills in valid information in Appointment page

11-01-2024T06:51:45 - [MESSAGE][INFO] - When he fills in valid information in Appointment page

11-01-2024T06:51:45 - [TEST_STEP][PASSED] - click(findTestObject("Page_CuraAppointment/btn_BookAppointment")): Object: 'Object Repository/Page_CuraAppointment/btn_BookAppointment' is clicked on

11-01-2024T06:51:47 - [MESSAGE][PASSED] - Object: 'Object Repository/Page_CuraAppointment/btn_BookAppointment' is clicked on

11-01-2024T06:51:47 - [TEST_STEP][PASSED] - verifyTextPresent("Appointment Confirmation", false): Text 'Appointment Confirmation' is present on page 

11-01-2024T06:51:48 - [MESSAGE][PASSED] - Text 'Appointment Confirmation' is present on page 

11-01-2024T06:51:48 - [TEST_STEP][PASSED] - comment("Then he should be able to book a new appointment"): Then he should be able to book a new appointment

11-01-2024T06:51:48 - [MESSAGE][INFO] - Then he should be able to book a new appointment

11-01-2024T06:51:48 - [TEST_STEP][PASSED] - if (true): Actual text 'Please make appointment as soon as possible.' and expected text 'Please make appointment as soon as possible.' are matched 

11-01-2024T06:51:48 - [TEST_STEP][PASSED] - takeFullPageScreenshotAsCheckpoint("booked appointment", [findTestObject("Page_AppointmentConfirmation/lbl_VisitDate")]): Taking screenshot successfully

11-01-2024T06:51:48 - [MESSAGE][WARNING] - Timeout '0' is invalid. Using default page load timeout: '30'

11-01-2024T06:51:50 - [MESSAGE][INFO] - 1 hidden object(s)

11-01-2024T06:51:58 - [MESSAGE][INFO] - 0 hidden object(s)

11-01-2024T06:51:58 - [MESSAGE][PASSED] - Taking screenshot successfully
[[ATTACHMENT|keyes/keyes-booked appointment.png]]

11-01-2024T06:51:58 - [TEST_STEP][PASSED] - verifyMatch("Hongkong CURA Healthcare Center", getText(findTestObject("Page_AppointmentConfirmation/lbl_Facility")), false): Actual text 'Hongkong CURA Healthcare Center' and expected text 'Hongkong CURA Healthcare Center' are matched 

11-01-2024T06:51:59 - [MESSAGE][PASSED] - Text of object 'Object Repository/Page_AppointmentConfirmation/lbl_Facility' is: 'Hongkong CURA Healthcare Center'

11-01-2024T06:51:59 - [MESSAGE][PASSED] - Actual text 'Hongkong CURA Healthcare Center' and expected text 'Hongkong CURA Healthcare Center' are matched 

11-01-2024T06:51:59 - [TEST_STEP][PASSED] - verifyMatch("Yes", getText(findTestObject("Page_AppointmentConfirmation/lbl_HospitalReadmission")), false): Actual text 'Yes' and expected text 'Yes' are matched 

11-01-2024T06:52:01 - [MESSAGE][PASSED] - Text of object 'Object Repository/Page_AppointmentConfirmation/lbl_HospitalReadmission' is: 'Yes'

11-01-2024T06:52:01 - [MESSAGE][PASSED] - Actual text 'Yes' and expected text 'Yes' are matched 

11-01-2024T06:52:01 - [TEST_STEP][PASSED] - verifyMatch("Medicaid", getText(findTestObject("Page_AppointmentConfirmation/lbl_Program")), false): Actual text 'Medicaid' and expected text 'Medicaid' are matched 

11-01-2024T06:52:02 - [MESSAGE][PASSED] - Text of object 'Object Repository/Page_AppointmentConfirmation/lbl_Program' is: 'Medicaid'

11-01-2024T06:52:02 - [MESSAGE][PASSED] - Actual text 'Medicaid' and expected text 'Medicaid' are matched 

11-01-2024T06:52:02 - [TEST_STEP][PASSED] - verifyMatch("27/12/2016", getText(findTestObject("Page_AppointmentConfirmation/lbl_VisitDate")), false): Actual text '27/12/2016' and expected text '27/12/2016' are matched 

11-01-2024T06:52:03 - [MESSAGE][PASSED] - Text of object 'Object Repository/Page_AppointmentConfirmation/lbl_VisitDate' is: '27/12/2016'

11-01-2024T06:52:03 - [MESSAGE][PASSED] - Actual text '27/12/2016' and expected text '27/12/2016' are matched 

11-01-2024T06:52:03 - [TEST_STEP][PASSED] - verifyMatch("Please make appointment as soon as possible.", getText(findTestObject("Page_AppointmentConfirmation/lbl_Comment")), false): Actual text 'Please make appointment as soon as possible.' and expected text 'Please make appointment as soon as possible.' are matched 

11-01-2024T06:52:05 - [MESSAGE][PASSED] - Text of object 'Object Repository/Page_AppointmentConfirmation/lbl_Comment' is: 'Please make appointment as soon as possible.'

11-01-2024T06:52:05 - [MESSAGE][PASSED] - Actual text 'Please make appointment as soon as possible.' and expected text 'Please make appointment as soon as possible.' are matched 

11-01-2024T06:52:05 - [TEST_STEP][PASSED] - takeScreenshot(): Taking screenshot successfully

11-01-2024T06:52:06 - [MESSAGE][PASSED] - Taking screenshot successfully
[[ATTACHMENT|/Users/lakshmimukkur/Katalon Studio/Sample Project with Test Cloud/Reports/20240111_064856/healthcare-tests - TS_RegressionTest/20240111_064859/1704973925942.png]]

11-01-2024T06:52:06 - [TEST_STEP][PASSED] - closeBrowser(): Browser is closed

11-01-2024T06:52:07 - [MESSAGE][PASSED] - Browser is closed

11-01-2024T06:52:09 - [TEST_STEP][PASSED] - Video: Video recording for test case 'Test Cases/Main Test Cases/TC3_Visual Testing Example' .

11-01-2024T06:52:09 - [MESSAGE][INFO] - Video recording for test case 'Test Cases/Main Test Cases/TC3_Visual Testing Example' .]]></system-out>
         <system-err><![CDATA[]]></system-err>
      </testcase>
      <system-out><![CDATA[11-01-2024T06:49:04 - [TEST_SUITE][PASSED] - healthcare-tests - TS_RegressionTest: Test Cases/Main Test Cases/TC3_Visual Testing Example]]></system-out>
      <system-err><![CDATA[]]></system-err>
   </testsuite>
</testsuites>
